Flow report for mips
Thu Nov 12 16:14:24 2015
Quartus II 32-bit Version 13.0.1 Build 232 06/12/2013 Service Pack 1 SJ Web Edition


---------------------
; Table of Contents ;
---------------------
  1. Legal Notice
  2. Flow Summary
  3. Flow Settings
  4. Flow Non-Default Global Settings
  5. Flow Elapsed Time
  6. Flow OS Summary
  7. Flow Log
  8. Flow Messages
  9. Flow Suppressed Messages



----------------
; Legal Notice ;
----------------
Copyright (C) 1991-2013 Altera Corporation
Your use of Altera Corporation's design tools, logic functions 
and other software and tools, and its AMPP partner logic 
functions, and any output files from any of the foregoing 
(including device programming or simulation files), and any 
associated documentation or information are expressly subject 
to the terms and conditions of the Altera Program License 
Subscription Agreement, Altera MegaCore Function License 
Agreement, or other applicable license agreement, including, 
without limitation, that your use is for the sole purpose of 
programming logic devices manufactured by Altera and sold by 
Altera or its authorized distributors.  Please refer to the 
applicable agreement for further details.



+--------------------------------------------------------------------------------------+
; Flow Summary                                                                         ;
+------------------------------------+-------------------------------------------------+
; Flow Status                        ; Successful - Thu Nov 12 16:14:23 2015           ;
; Quartus II 32-bit Version          ; 13.0.1 Build 232 06/12/2013 SP 1 SJ Web Edition ;
; Revision Name                      ; mips                                            ;
; Top-level Entity Name              ; mipsMulticiclo                                  ;
; Family                             ; Cyclone II                                      ;
; Device                             ; EP2C35F672C6                                    ;
; Timing Models                      ; Final                                           ;
; Total logic elements               ; 2,134 / 33,216 ( 6 % )                          ;
;     Total combinational functions  ; 1,796 / 33,216 ( 5 % )                          ;
;     Dedicated logic registers      ; 1,226 / 33,216 ( 4 % )                          ;
; Total registers                    ; 1226                                            ;
; Total pins                         ; 34 / 475 ( 7 % )                                ;
; Total virtual pins                 ; 0                                               ;
; Total memory bits                  ; 131,072 / 483,840 ( 27 % )                      ;
; Embedded Multiplier 9-bit elements ; 0 / 70 ( 0 % )                                  ;
; Total PLLs                         ; 0 / 4 ( 0 % )                                   ;
+------------------------------------+-------------------------------------------------+


+-----------------------------------------+
; Flow Settings                           ;
+-------------------+---------------------+
; Option            ; Setting             ;
+-------------------+---------------------+
; Start date & time ; 11/12/2015 16:13:29 ;
; Main task         ; Compilation         ;
; Revision Name     ; mips                ;
+-------------------+---------------------+


+----------------------------------------------------------------------------------------------------------------+
; Flow Non-Default Global Settings                                                                               ;
+-------------------------------------+------------------------+---------------+----------------+----------------+
; Assignment Name                     ; Value                  ; Default Value ; Entity Name    ; Section Id     ;
+-------------------------------------+------------------------+---------------+----------------+----------------+
; COMPILER_SIGNATURE_ID               ; 0.144735200903419      ; --            ; --             ; --             ;
; EDA_OUTPUT_DATA_FORMAT              ; Vhdl                   ; --            ; --             ; eda_simulation ;
; EDA_SIMULATION_TOOL                 ; ModelSim-Altera (VHDL) ; <None>        ; --             ; --             ;
; IP_TOOL_NAME                        ; RAM: 1-PORT            ; --            ; --             ; --             ;
; IP_TOOL_VERSION                     ; 13.0                   ; --            ; --             ; --             ;
; MAX_CORE_JUNCTION_TEMP              ; 85                     ; --            ; --             ; --             ;
; MIN_CORE_JUNCTION_TEMP              ; 0                      ; --            ; --             ; --             ;
; MISC_FILE                           ; vhdl/memoriaFPGA.cmp   ; --            ; --             ; --             ;
; PARTITION_COLOR                     ; 16764057               ; --            ; mipsMulticiclo ; Top            ;
; PARTITION_FITTER_PRESERVATION_LEVEL ; PLACEMENT_AND_ROUTING  ; --            ; mipsMulticiclo ; Top            ;
; PARTITION_NETLIST_TYPE              ; SOURCE                 ; --            ; mipsMulticiclo ; Top            ;
; PROJECT_OUTPUT_DIRECTORY            ; output_files           ; --            ; --             ; --             ;
; TOP_LEVEL_ENTITY                    ; mipsMulticiclo         ; mips          ; --             ; --             ;
+-------------------------------------+------------------------+---------------+----------------+----------------+


+-------------------------------------------------------------------------------------------------------------------------------+
; Flow Elapsed Time                                                                                                             ;
+---------------------------+--------------+-------------------------+---------------------+------------------------------------+
; Module Name               ; Elapsed Time ; Average Processors Used ; Peak Virtual Memory ; Total CPU Time (on all processors) ;
+---------------------------+--------------+-------------------------+---------------------+------------------------------------+
; Analysis & Synthesis      ; 00:00:05     ; 1.0                     ; 382 MB              ; 00:00:05                           ;
; Fitter                    ; 00:00:31     ; 1.0                     ; 494 MB              ; 00:00:31                           ;
; Assembler                 ; 00:00:03     ; 1.0                     ; 349 MB              ; 00:00:03                           ;
; TimeQuest Timing Analyzer ; 00:00:01     ; 1.0                     ; 322 MB              ; 00:00:02                           ;
; EDA Netlist Writer        ; 00:00:03     ; 1.0                     ; 325 MB              ; 00:00:02                           ;
; Total                     ; 00:00:43     ; --                      ; --                  ; 00:00:43                           ;
+---------------------------+--------------+-------------------------+---------------------+------------------------------------+


+-----------------------------------------------------------------------------------------+
; Flow OS Summary                                                                         ;
+---------------------------+------------------+------------+------------+----------------+
; Module Name               ; Machine Hostname ; OS Name    ; OS Version ; Processor type ;
+---------------------------+------------------+------------+------------+----------------+
; Analysis & Synthesis      ; evandro-pc       ; Arch Linux ; Arch Linux ; x86_64         ;
; Fitter                    ; evandro-pc       ; Arch Linux ; Arch Linux ; x86_64         ;
; Assembler                 ; evandro-pc       ; Arch Linux ; Arch Linux ; x86_64         ;
; TimeQuest Timing Analyzer ; evandro-pc       ; Arch Linux ; Arch Linux ; x86_64         ;
; EDA Netlist Writer        ; evandro-pc       ; Arch Linux ; Arch Linux ; x86_64         ;
+---------------------------+------------------+------------+------------+----------------+


------------
; Flow Log ;
------------
quartus_map --read_settings_files=on --write_settings_files=off mips -c mips
quartus_fit --read_settings_files=off --write_settings_files=off mips -c mips
quartus_asm --read_settings_files=off --write_settings_files=off mips -c mips
quartus_sta mips -c mips
quartus_eda --read_settings_files=off --write_settings_files=off mips -c mips



